<?xml version="1.0" encoding="UTF-8"?>
<!-- Generated by org.testng.reporters.JUnitXMLReporter -->
<testsuite ignored="2" hostname="DESKTOP-B205QCO" failures="0" tests="5" name="Car Loan" time="0.319" errors="0" timestamp="2026-08-15T15:14:40 IST">
  <testcase classname="test.day3" name="MobileLogincarLoan" time="0.025"/>
  <testcase classname="test.day3" name="MobilesignoutcarLoan" time="0.013"/>
  <testcase classname="test.day3" name="MobilesignoutcarLoan" time="0.02"/>
  <testcase classname="test.day3" name="MobilesignoutcarLoan" time="0.028"/>
  <testcase classname="test.day3" name="WebloginCarLoan" time="0.011"/>
  <testcase classname="test.day3" name="MobilesignincarLoan" time="0.0">
    <ignored/>
  </testcase> <!-- MobilesignincarLoan -->
  <testcase classname="test.day3" name="APIcarLoan" time="0.0">
    <ignored/>
  </testcase> <!-- APIcarLoan -->
</testsuite> <!-- Car Loan -->
