<?xml version="1.0" encoding="UTF-8"?>
<!-- Generated by org.testng.reporters.JUnitReportReporter -->
<testsuite hostname="DESKTOP-B205QCO" failures="0" tests="6" name="test.day3" time="0.129" errors="0" timestamp="2026-08-15T15:14:41 IST" skipped="1">
  <testcase classname="test.day3" name="MobilesignoutcarLoan" time="0.030"/>
  <testcase classname="test.day3" name="WebloginCarLoan" time="0.014"/>
  <testcase classname="test.day3" name="MobilesignoutcarLoan" time="0.033"/>
  <testcase classname="test.day3" name="MobilesignoutcarLoan" time="0.020"/>
  <testcase classname="test.day3" name="MobileLogincarLoan" time="0.032"/>
  <testcase classname="test.day3" name="MobilesignincarLoan">
    <skipped/>
  </testcase> <!-- MobilesignincarLoan -->
</testsuite> <!-- test.day3 -->
