<?xml version="1.0" encoding="UTF-8"?>
<!-- Generated by org.testng.reporters.JUnitReportReporter -->
<testsuite hostname="DESKTOP-B205QCO" failures="0" tests="3" name="test.day4" time="0.050" errors="0" timestamp="2026-08-15T15:14:41 IST" skipped="0">
  <testcase classname="test.day4" name="LoginAPIHomeLoan" time="0.010"/>
  <testcase classname="test.day4" name="MobileLoginHomeLoan" time="0.020"/>
  <testcase classname="test.day4" name="WebloginHomeLoan" time="0.020"/>
</testsuite> <!-- test.day4 -->
